1580155663471	mozrunner::runner	INFO	Running command: "/Applications/Firefox.app/Contents/MacOS/firefox-bin" "-marionette" "-foreground" "-no-remote" "-profile" "/var/folders/64/86x9sk514qnckpmsw50tjpsc0000gn/T/rust_mozprofileKNDgkM"
1580155664291	addons.webextension.doh-rollout@mozilla.org	WARN	Loading extension 'doh-rollout@mozilla.org': Reading manifest: Invalid extension permission: networkStatus
1580155664392	addons.webextension.screenshots@mozilla.org	WARN	Loading extension 'screenshots@mozilla.org': Reading manifest: Invalid extension permission: mozillaAddons
1580155664393	addons.webextension.screenshots@mozilla.org	WARN	Loading extension 'screenshots@mozilla.org': Reading manifest: Invalid extension permission: telemetry
1580155664393	addons.webextension.screenshots@mozilla.org	WARN	Loading extension 'screenshots@mozilla.org': Reading manifest: Invalid extension permission: resource://pdf.js/
1580155664393	addons.webextension.screenshots@mozilla.org	WARN	Loading extension 'screenshots@mozilla.org': Reading manifest: Invalid extension permission: about:reader*
1580155666246	Marionette	INFO	Listening on port 49798
1580155666333	Marionette	WARN	TLS certificate errors will be ignored for this session
1580155734562	mozrunner::runner	INFO	Running command: "/Applications/Firefox.app/Contents/MacOS/firefox-bin" "-marionette" "-foreground" "-no-remote" "-profile" "/var/folders/64/86x9sk514qnckpmsw50tjpsc0000gn/T/rust_mozprofileIAof2t"
1580155735003	addons.webextension.doh-rollout@mozilla.org	WARN	Loading extension 'doh-rollout@mozilla.org': Reading manifest: Invalid extension permission: networkStatus
1580155735094	addons.webextension.screenshots@mozilla.org	WARN	Loading extension 'screenshots@mozilla.org': Reading manifest: Invalid extension permission: mozillaAddons
1580155735094	addons.webextension.screenshots@mozilla.org	WARN	Loading extension 'screenshots@mozilla.org': Reading manifest: Invalid extension permission: telemetry
1580155735094	addons.webextension.screenshots@mozilla.org	WARN	Loading extension 'screenshots@mozilla.org': Reading manifest: Invalid extension permission: resource://pdf.js/
1580155735094	addons.webextension.screenshots@mozilla.org	WARN	Loading extension 'screenshots@mozilla.org': Reading manifest: Invalid extension permission: about:reader*
1580155736626	Marionette	INFO	Listening on port 50014
1580155736702	Marionette	WARN	TLS certificate errors will be ignored for this session
JavaScript error: resource://gre/actors/AutoCompleteChild.jsm, line 196: Error: Invalid autocomplete selectedIndex
1580155738200	Marionette	INFO	Stopped listening on port 50014
1580155755481	mozrunner::runner	INFO	Running command: "/Applications/Firefox.app/Contents/MacOS/firefox-bin" "-marionette" "-foreground" "-no-remote" "-profile" "/var/folders/64/86x9sk514qnckpmsw50tjpsc0000gn/T/rust_mozprofilebKg6GB"
1580155755843	addons.webextension.doh-rollout@mozilla.org	WARN	Loading extension 'doh-rollout@mozilla.org': Reading manifest: Invalid extension permission: networkStatus
1580155755929	addons.webextension.screenshots@mozilla.org	WARN	Loading extension 'screenshots@mozilla.org': Reading manifest: Invalid extension permission: mozillaAddons
1580155755929	addons.webextension.screenshots@mozilla.org	WARN	Loading extension 'screenshots@mozilla.org': Reading manifest: Invalid extension permission: telemetry
1580155755930	addons.webextension.screenshots@mozilla.org	WARN	Loading extension 'screenshots@mozilla.org': Reading manifest: Invalid extension permission: resource://pdf.js/
1580155755930	addons.webextension.screenshots@mozilla.org	WARN	Loading extension 'screenshots@mozilla.org': Reading manifest: Invalid extension permission: about:reader*
1580155757414	Marionette	INFO	Listening on port 50113
1580155757425	Marionette	WARN	TLS certificate errors will be ignored for this session
JavaScript error: resource://gre/actors/AutoCompleteChild.jsm, line 196: Error: Invalid autocomplete selectedIndex
1580155938732	mozrunner::runner	INFO	Running command: "/Applications/Firefox.app/Contents/MacOS/firefox-bin" "-marionette" "-foreground" "-no-remote" "-profile" "/var/folders/64/86x9sk514qnckpmsw50tjpsc0000gn/T/rust_mozprofilerth2Li"
1580155939163	addons.webextension.doh-rollout@mozilla.org	WARN	Loading extension 'doh-rollout@mozilla.org': Reading manifest: Invalid extension permission: networkStatus
1580155939260	addons.webextension.screenshots@mozilla.org	WARN	Loading extension 'screenshots@mozilla.org': Reading manifest: Invalid extension permission: mozillaAddons
1580155939260	addons.webextension.screenshots@mozilla.org	WARN	Loading extension 'screenshots@mozilla.org': Reading manifest: Invalid extension permission: telemetry
1580155939260	addons.webextension.screenshots@mozilla.org	WARN	Loading extension 'screenshots@mozilla.org': Reading manifest: Invalid extension permission: resource://pdf.js/
1580155939261	addons.webextension.screenshots@mozilla.org	WARN	Loading extension 'screenshots@mozilla.org': Reading manifest: Invalid extension permission: about:reader*
1580155940941	Marionette	INFO	Listening on port 50552
1580155940978	Marionette	WARN	TLS certificate errors will be ignored for this session
1580155991496	mozrunner::runner	INFO	Running command: "/Applications/Firefox.app/Contents/MacOS/firefox-bin" "-marionette" "-foreground" "-no-remote" "-profile" "/var/folders/64/86x9sk514qnckpmsw50tjpsc0000gn/T/rust_mozprofilePZKEAU"
1580155991922	addons.webextension.doh-rollout@mozilla.org	WARN	Loading extension 'doh-rollout@mozilla.org': Reading manifest: Invalid extension permission: networkStatus
1580155992006	addons.webextension.screenshots@mozilla.org	WARN	Loading extension 'screenshots@mozilla.org': Reading manifest: Invalid extension permission: mozillaAddons
1580155992006	addons.webextension.screenshots@mozilla.org	WARN	Loading extension 'screenshots@mozilla.org': Reading manifest: Invalid extension permission: telemetry
1580155992007	addons.webextension.screenshots@mozilla.org	WARN	Loading extension 'screenshots@mozilla.org': Reading manifest: Invalid extension permission: resource://pdf.js/
1580155992007	addons.webextension.screenshots@mozilla.org	WARN	Loading extension 'screenshots@mozilla.org': Reading manifest: Invalid extension permission: about:reader*
1580155993734	Marionette	INFO	Listening on port 50725
1580155993835	Marionette	WARN	TLS certificate errors will be ignored for this session
1580156024044	mozrunner::runner	INFO	Running command: "/Applications/Firefox.app/Contents/MacOS/firefox-bin" "-marionette" "-foreground" "-no-remote" "-profile" "/var/folders/64/86x9sk514qnckpmsw50tjpsc0000gn/T/rust_mozprofileRha7um"
1580156024495	addons.webextension.doh-rollout@mozilla.org	WARN	Loading extension 'doh-rollout@mozilla.org': Reading manifest: Invalid extension permission: networkStatus
1580156024588	addons.webextension.screenshots@mozilla.org	WARN	Loading extension 'screenshots@mozilla.org': Reading manifest: Invalid extension permission: mozillaAddons
1580156024588	addons.webextension.screenshots@mozilla.org	WARN	Loading extension 'screenshots@mozilla.org': Reading manifest: Invalid extension permission: telemetry
1580156024589	addons.webextension.screenshots@mozilla.org	WARN	Loading extension 'screenshots@mozilla.org': Reading manifest: Invalid extension permission: resource://pdf.js/
1580156024589	addons.webextension.screenshots@mozilla.org	WARN	Loading extension 'screenshots@mozilla.org': Reading manifest: Invalid extension permission: about:reader*
1580156026346	Marionette	INFO	Listening on port 50847
1580156026390	Marionette	WARN	TLS certificate errors will be ignored for this session
JavaScript error: https://s0.2mdn.net/instream/video/client.js, line 32: NS_ERROR_NOT_INITIALIZED:
JavaScript error: https://s0.2mdn.net/instream/video/client.js, line 32: NS_ERROR_NOT_INITIALIZED:
JavaScript error: https://s0.2mdn.net/instream/video/client.js, line 32: NS_ERROR_NOT_INITIALIZED:
JavaScript error: https://s0.2mdn.net/instream/video/client.js, line 32: NS_ERROR_NOT_INITIALIZED:
JavaScript error: https://s0.2mdn.net/instream/video/client.js, line 32: NS_ERROR_NOT_INITIALIZED:
JavaScript error: https://s0.2mdn.net/instream/video/client.js, line 32: NS_ERROR_NOT_INITIALIZED:
JavaScript error: https://s0.2mdn.net/instream/video/client.js, line 32: NS_ERROR_NOT_INITIALIZED:
JavaScript error: https://s0.2mdn.net/instream/video/client.js, line 32: NS_ERROR_NOT_INITIALIZED:
JavaScript error: https://s0.2mdn.net/instream/video/client.js, line 32: NS_ERROR_NOT_INITIALIZED:
JavaScript error: https://s0.2mdn.net/instream/video/client.js, line 32: NS_ERROR_NOT_INITIALIZED:
JavaScript error: https://s0.2mdn.net/instream/video/client.js, line 32: NS_ERROR_NOT_INITIALIZED:
JavaScript error: https://s0.2mdn.net/instream/video/client.js, line 32: NS_ERROR_NOT_INITIALIZED:
JavaScript error: https://s0.2mdn.net/instream/video/client.js, line 32: NS_ERROR_NOT_INITIALIZED:
JavaScript error: https://s0.2mdn.net/instream/video/client.js, line 32: NS_ERROR_NOT_INITIALIZED:
JavaScript error: https://s0.2mdn.net/instream/video/client.js, line 32: NS_ERROR_NOT_INITIALIZED:
JavaScript error: https://s0.2mdn.net/instream/video/client.js, line 32: NS_ERROR_NOT_INITIALIZED:
JavaScript error: https://s0.2mdn.net/instream/video/client.js, line 32: NS_ERROR_NOT_INITIALIZED:
JavaScript error: https://s0.2mdn.net/instream/video/client.js, line 32: NS_ERROR_NOT_INITIALIZED:
JavaScript error: https://s0.2mdn.net/instream/video/client.js, line 32: NS_ERROR_NOT_INITIALIZED:
JavaScript error: https://s0.2mdn.net/instream/video/client.js, line 32: NS_ERROR_NOT_INITIALIZED:
JavaScript error: https://s0.2mdn.net/instream/video/client.js, line 32: NS_ERROR_NOT_INITIALIZED:
JavaScript error: https://s0.2mdn.net/instream/video/client.js, line 32: NS_ERROR_NOT_INITIALIZED:
JavaScript error: https://s0.2mdn.net/instream/video/client.js, line 32: NS_ERROR_NOT_INITIALIZED:
JavaScript error: https://s0.2mdn.net/instream/video/client.js, line 32: NS_ERROR_NOT_INITIALIZED:
JavaScript error: https://s0.2mdn.net/instream/video/client.js, line 32: NS_ERROR_NOT_INITIALIZED:
JavaScript error: https://eus.rubiconproject.com/usync.html, line 12: SecurityError: The operation is insecure.
JavaScript error: https://eus.rubiconproject.com/usync.html, line 12: SecurityError: The operation is insecure.
JavaScript error: https://live.sekindo.com/live/liveVideo.php?vpaidManager=sekindo&s=58057&ri=6C69766553746174737C736B317B54307D7B64323032302D30312D32375F32327D7B7331323334383232387D7B4333307D7B53643364334C6D6431636E55354F53356A6232303D7D7B6266697265666F787D7B716465736B746F707D7B6F6D61636F73787D7B583732387D7B5939307D7B66317D7B4C353332387DFEFE&userIpAddr=206.208.133.136&userUA=Mozilla%2F5.0+%28Macintosh%3B+Intel+Mac+OS+X+10.15%3B+rv%3A72.0%29+Gecko%2F20100101+Firefox%2F72.0&playerVersion=3.0.0&fpl=-1&debugInformation=&isWePassGdpr=1&csuuid=5e2f455980746&debugInfo=12348228_&debugPlayerSession=&sta=12348228&showLogo=0&clkUrl=&plMult=-1&schedule=eyJwcmVfcm9sbCI6MSwibWlkX3JvbGwiOltdLCJnYXAiOiJhdXRvIn0%3D&content=plembed12b3qxrghkvt&secondaryContent=&x=728&y=90&pubUrl=https%3A%2F%2Fwww.guru99.com%2Fcheckbox-and-radio-button-webdriver.html&contentNum=1&flow_closeBtn=1&flowCloseTimeout=0&flow_direction=br&flow_horizontalOffset=10&flow_bottomOffset=10&impGap=2&flow_width=400&flow_height=229&videoType=flow&gdpr=0&gdprConsent=&contentFeedId=&geoLati=34.03929901123047&geoLong=-117.17250061035156&vpTemplate=5328&flowMode=below&isRealPreroll=0&playerApiId=&isApp=0, line 362: SecurityError: Permission denied to access property "innerHeight" on cross-origin object
JavaScript error: https://s.update.ap.lijit.com/2/4.55.0/main.js, line 1: NS_ERROR_NOT_INITIALIZED:
1580156486433	mozrunner::runner	INFO	Running command: "/Applications/Firefox.app/Contents/MacOS/firefox-bin" "-marionette" "-foreground" "-no-remote" "-profile" "/var/folders/64/86x9sk514qnckpmsw50tjpsc0000gn/T/rust_mozprofileqNqbRp"
1580156486978	addons.webextension.doh-rollout@mozilla.org	WARN	Loading extension 'doh-rollout@mozilla.org': Reading manifest: Invalid extension permission: networkStatus
1580156487074	addons.webextension.screenshots@mozilla.org	WARN	Loading extension 'screenshots@mozilla.org': Reading manifest: Invalid extension permission: mozillaAddons
1580156487074	addons.webextension.screenshots@mozilla.org	WARN	Loading extension 'screenshots@mozilla.org': Reading manifest: Invalid extension permission: telemetry
1580156487074	addons.webextension.screenshots@mozilla.org	WARN	Loading extension 'screenshots@mozilla.org': Reading manifest: Invalid extension permission: resource://pdf.js/
1580156487074	addons.webextension.screenshots@mozilla.org	WARN	Loading extension 'screenshots@mozilla.org': Reading manifest: Invalid extension permission: about:reader*
1580156488752	Marionette	INFO	Listening on port 52126
1580156488785	Marionette	WARN	TLS certificate errors will be ignored for this session
1580156566980	Marionette	INFO	Stopped listening on port 52126
1580156569264	Marionette	INFO	Stopped listening on port 50552
1580156572240	Marionette	INFO	Stopped listening on port 50113
1580156575834	Marionette	INFO	Stopped listening on port 49798
1580156578628	Marionette	INFO	Stopped listening on port 50725
1580156581224	Marionette	INFO	Stopped listening on port 50847
1580156598153	mozrunner::runner	INFO	Running command: "/Applications/Firefox.app/Contents/MacOS/firefox-bin" "-marionette" "-foreground" "-no-remote" "-profile" "/var/folders/64/86x9sk514qnckpmsw50tjpsc0000gn/T/rust_mozprofileXRW4ba"
1580156598576	addons.webextension.doh-rollout@mozilla.org	WARN	Loading extension 'doh-rollout@mozilla.org': Reading manifest: Invalid extension permission: networkStatus
1580156598661	addons.webextension.screenshots@mozilla.org	WARN	Loading extension 'screenshots@mozilla.org': Reading manifest: Invalid extension permission: mozillaAddons
1580156598661	addons.webextension.screenshots@mozilla.org	WARN	Loading extension 'screenshots@mozilla.org': Reading manifest: Invalid extension permission: telemetry
1580156598662	addons.webextension.screenshots@mozilla.org	WARN	Loading extension 'screenshots@mozilla.org': Reading manifest: Invalid extension permission: resource://pdf.js/
1580156598662	addons.webextension.screenshots@mozilla.org	WARN	Loading extension 'screenshots@mozilla.org': Reading manifest: Invalid extension permission: about:reader*
1580156600219	Marionette	INFO	Listening on port 52410
1580156600309	Marionette	WARN	TLS certificate errors will be ignored for this session
JavaScript warning: https://ajax.googleapis.com/ajax/libs/jquery/1.10.2/jquery.min.js, line 2: Using //@ to indicate sourceMappingURL pragmas is deprecated. Use //# instead
1580157317797	mozrunner::runner	INFO	Running command: "/Applications/Firefox.app/Contents/MacOS/firefox-bin" "-marionette" "-foreground" "-no-remote" "-profile" "/var/folders/64/86x9sk514qnckpmsw50tjpsc0000gn/T/rust_mozprofileiXVMDc"
1580157318169	addons.webextension.doh-rollout@mozilla.org	WARN	Loading extension 'doh-rollout@mozilla.org': Reading manifest: Invalid extension permission: networkStatus
1580157318263	addons.webextension.screenshots@mozilla.org	WARN	Loading extension 'screenshots@mozilla.org': Reading manifest: Invalid extension permission: mozillaAddons
1580157318263	addons.webextension.screenshots@mozilla.org	WARN	Loading extension 'screenshots@mozilla.org': Reading manifest: Invalid extension permission: telemetry
1580157318263	addons.webextension.screenshots@mozilla.org	WARN	Loading extension 'screenshots@mozilla.org': Reading manifest: Invalid extension permission: resource://pdf.js/
1580157318263	addons.webextension.screenshots@mozilla.org	WARN	Loading extension 'screenshots@mozilla.org': Reading manifest: Invalid extension permission: about:reader*
1580157319883	Marionette	INFO	Listening on port 53894
1580157319953	Marionette	WARN	TLS certificate errors will be ignored for this session
1580157539980	Marionette	INFO	Stopped listening on port 52410
1580157620315	mozrunner::runner	INFO	Running command: "/Applications/Firefox.app/Contents/MacOS/firefox-bin" "-marionette" "-foreground" "-no-remote" "-profile" "/var/folders/64/86x9sk514qnckpmsw50tjpsc0000gn/T/rust_mozprofileEkUZhO"
1580157620693	addons.webextension.doh-rollout@mozilla.org	WARN	Loading extension 'doh-rollout@mozilla.org': Reading manifest: Invalid extension permission: networkStatus
1580157620787	addons.webextension.screenshots@mozilla.org	WARN	Loading extension 'screenshots@mozilla.org': Reading manifest: Invalid extension permission: mozillaAddons
1580157620787	addons.webextension.screenshots@mozilla.org	WARN	Loading extension 'screenshots@mozilla.org': Reading manifest: Invalid extension permission: telemetry
1580157620788	addons.webextension.screenshots@mozilla.org	WARN	Loading extension 'screenshots@mozilla.org': Reading manifest: Invalid extension permission: resource://pdf.js/
1580157620788	addons.webextension.screenshots@mozilla.org	WARN	Loading extension 'screenshots@mozilla.org': Reading manifest: Invalid extension permission: about:reader*
1580157622406	Marionette	INFO	Listening on port 54525
1580157622468	Marionette	WARN	TLS certificate errors will be ignored for this session
1580157649730	Marionette	INFO	Stopped listening on port 53894
1580157655631	Marionette	INFO	Stopped listening on port 54525
1580157657768	mozrunner::runner	INFO	Running command: "/Applications/Firefox.app/Contents/MacOS/firefox-bin" "-marionette" "-foreground" "-no-remote" "-profile" "/var/folders/64/86x9sk514qnckpmsw50tjpsc0000gn/T/rust_mozprofileNvgCaQ"
1580157658126	addons.webextension.doh-rollout@mozilla.org	WARN	Loading extension 'doh-rollout@mozilla.org': Reading manifest: Invalid extension permission: networkStatus
1580157658211	addons.webextension.screenshots@mozilla.org	WARN	Loading extension 'screenshots@mozilla.org': Reading manifest: Invalid extension permission: mozillaAddons
1580157658211	addons.webextension.screenshots@mozilla.org	WARN	Loading extension 'screenshots@mozilla.org': Reading manifest: Invalid extension permission: telemetry
1580157658211	addons.webextension.screenshots@mozilla.org	WARN	Loading extension 'screenshots@mozilla.org': Reading manifest: Invalid extension permission: resource://pdf.js/
1580157658211	addons.webextension.screenshots@mozilla.org	WARN	Loading extension 'screenshots@mozilla.org': Reading manifest: Invalid extension permission: about:reader*
1580157659782	Marionette	INFO	Listening on port 54644
1580157659804	Marionette	WARN	TLS certificate errors will be ignored for this session
1580157685539	Marionette	INFO	Stopped listening on port 54644
1580157690051	mozrunner::runner	INFO	Running command: "/Applications/Firefox.app/Contents/MacOS/firefox-bin" "-marionette" "-foreground" "-no-remote" "-profile" "/var/folders/64/86x9sk514qnckpmsw50tjpsc0000gn/T/rust_mozprofile3K9cp0"
1580157690422	addons.webextension.doh-rollout@mozilla.org	WARN	Loading extension 'doh-rollout@mozilla.org': Reading manifest: Invalid extension permission: networkStatus
1580157690505	addons.webextension.screenshots@mozilla.org	WARN	Loading extension 'screenshots@mozilla.org': Reading manifest: Invalid extension permission: mozillaAddons
1580157690505	addons.webextension.screenshots@mozilla.org	WARN	Loading extension 'screenshots@mozilla.org': Reading manifest: Invalid extension permission: telemetry
1580157690505	addons.webextension.screenshots@mozilla.org	WARN	Loading extension 'screenshots@mozilla.org': Reading manifest: Invalid extension permission: resource://pdf.js/
1580157690505	addons.webextension.screenshots@mozilla.org	WARN	Loading extension 'screenshots@mozilla.org': Reading manifest: Invalid extension permission: about:reader*
1580157692133	Marionette	INFO	Listening on port 54746
1580157692198	Marionette	WARN	TLS certificate errors will be ignored for this session
1580157693909	Marionette	INFO	Stopped listening on port 54746
1580157715063	mozrunner::runner	INFO	Running command: "/Applications/Firefox.app/Contents/MacOS/firefox-bin" "-marionette" "-foreground" "-no-remote" "-profile" "/var/folders/64/86x9sk514qnckpmsw50tjpsc0000gn/T/rust_mozprofilesPtBCz"
1580157715429	addons.webextension.doh-rollout@mozilla.org	WARN	Loading extension 'doh-rollout@mozilla.org': Reading manifest: Invalid extension permission: networkStatus
1580157715514	addons.webextension.screenshots@mozilla.org	WARN	Loading extension 'screenshots@mozilla.org': Reading manifest: Invalid extension permission: mozillaAddons
1580157715514	addons.webextension.screenshots@mozilla.org	WARN	Loading extension 'screenshots@mozilla.org': Reading manifest: Invalid extension permission: telemetry
1580157715515	addons.webextension.screenshots@mozilla.org	WARN	Loading extension 'screenshots@mozilla.org': Reading manifest: Invalid extension permission: resource://pdf.js/
1580157715515	addons.webextension.screenshots@mozilla.org	WARN	Loading extension 'screenshots@mozilla.org': Reading manifest: Invalid extension permission: about:reader*
1580157717125	Marionette	INFO	Listening on port 54854
1580157717218	Marionette	WARN	TLS certificate errors will be ignored for this session
1580157864472	mozrunner::runner	INFO	Running command: "/Applications/Firefox.app/Contents/MacOS/firefox-bin" "-marionette" "-foreground" "-no-remote" "-profile" "/var/folders/64/86x9sk514qnckpmsw50tjpsc0000gn/T/rust_mozprofileeOZQr2"
1580157864875	addons.webextension.doh-rollout@mozilla.org	WARN	Loading extension 'doh-rollout@mozilla.org': Reading manifest: Invalid extension permission: networkStatus
1580157864973	addons.webextension.screenshots@mozilla.org	WARN	Loading extension 'screenshots@mozilla.org': Reading manifest: Invalid extension permission: mozillaAddons
1580157864973	addons.webextension.screenshots@mozilla.org	WARN	Loading extension 'screenshots@mozilla.org': Reading manifest: Invalid extension permission: telemetry
1580157864973	addons.webextension.screenshots@mozilla.org	WARN	Loading extension 'screenshots@mozilla.org': Reading manifest: Invalid extension permission: resource://pdf.js/
1580157864974	addons.webextension.screenshots@mozilla.org	WARN	Loading extension 'screenshots@mozilla.org': Reading manifest: Invalid extension permission: about:reader*
1580157866661	Marionette	INFO	Listening on port 55212
1580157866741	Marionette	WARN	TLS certificate errors will be ignored for this session
1580157888199	mozrunner::runner	INFO	Running command: "/Applications/Firefox.app/Contents/MacOS/firefox-bin" "-marionette" "-foreground" "-no-remote" "-profile" "/var/folders/64/86x9sk514qnckpmsw50tjpsc0000gn/T/rust_mozprofilejE0cwl"
1580157888627	addons.webextension.doh-rollout@mozilla.org	WARN	Loading extension 'doh-rollout@mozilla.org': Reading manifest: Invalid extension permission: networkStatus
1580157888734	addons.webextension.screenshots@mozilla.org	WARN	Loading extension 'screenshots@mozilla.org': Reading manifest: Invalid extension permission: mozillaAddons
1580157888734	addons.webextension.screenshots@mozilla.org	WARN	Loading extension 'screenshots@mozilla.org': Reading manifest: Invalid extension permission: telemetry
1580157888734	addons.webextension.screenshots@mozilla.org	WARN	Loading extension 'screenshots@mozilla.org': Reading manifest: Invalid extension permission: resource://pdf.js/
1580157888735	addons.webextension.screenshots@mozilla.org	WARN	Loading extension 'screenshots@mozilla.org': Reading manifest: Invalid extension permission: about:reader*
1580157890378	Marionette	INFO	Listening on port 55316
1580157890463	Marionette	WARN	TLS certificate errors will be ignored for this session
1580157914155	mozrunner::runner	INFO	Running command: "/Applications/Firefox.app/Contents/MacOS/firefox-bin" "-marionette" "-foreground" "-no-remote" "-profile" "/var/folders/64/86x9sk514qnckpmsw50tjpsc0000gn/T/rust_mozprofileKVYNaw"
1580157914559	addons.webextension.doh-rollout@mozilla.org	WARN	Loading extension 'doh-rollout@mozilla.org': Reading manifest: Invalid extension permission: networkStatus
1580157914671	addons.webextension.screenshots@mozilla.org	WARN	Loading extension 'screenshots@mozilla.org': Reading manifest: Invalid extension permission: mozillaAddons
1580157914672	addons.webextension.screenshots@mozilla.org	WARN	Loading extension 'screenshots@mozilla.org': Reading manifest: Invalid extension permission: telemetry
1580157914672	addons.webextension.screenshots@mozilla.org	WARN	Loading extension 'screenshots@mozilla.org': Reading manifest: Invalid extension permission: resource://pdf.js/
1580157914672	addons.webextension.screenshots@mozilla.org	WARN	Loading extension 'screenshots@mozilla.org': Reading manifest: Invalid extension permission: about:reader*
1580157916340	Marionette	INFO	Listening on port 55414
1580157916398	Marionette	WARN	TLS certificate errors will be ignored for this session
1580158126884	Marionette	INFO	Stopped listening on port 55316
1580158129210	Marionette	INFO	Stopped listening on port 55414
1580158132450	Marionette	INFO	Stopped listening on port 55212
1580158136887	Marionette	INFO	Stopped listening on port 54854
1580158143812	mozrunner::runner	INFO	Running command: "/Applications/Firefox.app/Contents/MacOS/firefox-bin" "-marionette" "-foreground" "-no-remote" "-profile" "/var/folders/64/86x9sk514qnckpmsw50tjpsc0000gn/T/rust_mozprofilepsFjGZ"
1580158144194	addons.webextension.doh-rollout@mozilla.org	WARN	Loading extension 'doh-rollout@mozilla.org': Reading manifest: Invalid extension permission: networkStatus
1580158144290	addons.webextension.screenshots@mozilla.org	WARN	Loading extension 'screenshots@mozilla.org': Reading manifest: Invalid extension permission: mozillaAddons
1580158144290	addons.webextension.screenshots@mozilla.org	WARN	Loading extension 'screenshots@mozilla.org': Reading manifest: Invalid extension permission: telemetry
1580158144290	addons.webextension.screenshots@mozilla.org	WARN	Loading extension 'screenshots@mozilla.org': Reading manifest: Invalid extension permission: resource://pdf.js/
1580158144290	addons.webextension.screenshots@mozilla.org	WARN	Loading extension 'screenshots@mozilla.org': Reading manifest: Invalid extension permission: about:reader*
1580158145833	Marionette	INFO	Listening on port 56067
1580158145855	Marionette	WARN	TLS certificate errors will be ignored for this session
1580158314742	mozrunner::runner	INFO	Running command: "/Applications/Firefox.app/Contents/MacOS/firefox-bin" "-marionette" "-foreground" "-no-remote" "-profile" "/var/folders/64/86x9sk514qnckpmsw50tjpsc0000gn/T/rust_mozprofile6r4eQv"
1580158315118	addons.webextension.doh-rollout@mozilla.org	WARN	Loading extension 'doh-rollout@mozilla.org': Reading manifest: Invalid extension permission: networkStatus
1580158315142	addons.webextension.screenshots@mozilla.org	WARN	Loading extension 'screenshots@mozilla.org': Reading manifest: Invalid extension permission: mozillaAddons
1580158315142	addons.webextension.screenshots@mozilla.org	WARN	Loading extension 'screenshots@mozilla.org': Reading manifest: Invalid extension permission: telemetry
1580158315142	addons.webextension.screenshots@mozilla.org	WARN	Loading extension 'screenshots@mozilla.org': Reading manifest: Invalid extension permission: resource://pdf.js/
1580158315142	addons.webextension.screenshots@mozilla.org	WARN	Loading extension 'screenshots@mozilla.org': Reading manifest: Invalid extension permission: about:reader*
1580158316728	Marionette	INFO	Listening on port 56450
1580158316784	Marionette	WARN	TLS certificate errors will be ignored for this session
JavaScript error: , line 0: uncaught exception: 2147746132
JavaScript error: , line 0: uncaught exception: 2147746132
1580158575923	Marionette	INFO	Stopped listening on port 56067
1580158592147	mozrunner::runner	INFO	Running command: "/Applications/Firefox.app/Contents/MacOS/firefox-bin" "-marionette" "-foreground" "-no-remote" "-profile" "/var/folders/64/86x9sk514qnckpmsw50tjpsc0000gn/T/rust_mozprofileoJBjhw"
1580158592522	addons.webextension.doh-rollout@mozilla.org	WARN	Loading extension 'doh-rollout@mozilla.org': Reading manifest: Invalid extension permission: networkStatus
1580158592545	addons.webextension.screenshots@mozilla.org	WARN	Loading extension 'screenshots@mozilla.org': Reading manifest: Invalid extension permission: mozillaAddons
1580158592545	addons.webextension.screenshots@mozilla.org	WARN	Loading extension 'screenshots@mozilla.org': Reading manifest: Invalid extension permission: telemetry
1580158592545	addons.webextension.screenshots@mozilla.org	WARN	Loading extension 'screenshots@mozilla.org': Reading manifest: Invalid extension permission: resource://pdf.js/
1580158592545	addons.webextension.screenshots@mozilla.org	WARN	Loading extension 'screenshots@mozilla.org': Reading manifest: Invalid extension permission: about:reader*
1580158594115	Marionette	INFO	Listening on port 57127
1580158594188	Marionette	WARN	TLS certificate errors will be ignored for this session
JavaScript error: , line 0: uncaught exception: 2147746132
JavaScript error: , line 0: uncaught exception: 2147746132
1580158717839	mozrunner::runner	INFO	Running command: "/Applications/Firefox.app/Contents/MacOS/firefox-bin" "-marionette" "-foreground" "-no-remote" "-profile" "/var/folders/64/86x9sk514qnckpmsw50tjpsc0000gn/T/rust_mozprofile48CHIz"
1580158718204	addons.webextension.doh-rollout@mozilla.org	WARN	Loading extension 'doh-rollout@mozilla.org': Reading manifest: Invalid extension permission: networkStatus
1580158718225	addons.webextension.screenshots@mozilla.org	WARN	Loading extension 'screenshots@mozilla.org': Reading manifest: Invalid extension permission: mozillaAddons
1580158718225	addons.webextension.screenshots@mozilla.org	WARN	Loading extension 'screenshots@mozilla.org': Reading manifest: Invalid extension permission: telemetry
1580158718225	addons.webextension.screenshots@mozilla.org	WARN	Loading extension 'screenshots@mozilla.org': Reading manifest: Invalid extension permission: resource://pdf.js/
1580158718225	addons.webextension.screenshots@mozilla.org	WARN	Loading extension 'screenshots@mozilla.org': Reading manifest: Invalid extension permission: about:reader*
1580158719863	Marionette	INFO	Listening on port 57419
1580158719900	Marionette	WARN	TLS certificate errors will be ignored for this session
JavaScript error: , line 0: uncaught exception: 2147746132
JavaScript error: , line 0: uncaught exception: 2147746132
1580158777531	mozrunner::runner	INFO	Running command: "/Applications/Firefox.app/Contents/MacOS/firefox-bin" "-marionette" "-foreground" "-no-remote" "-profile" "/var/folders/64/86x9sk514qnckpmsw50tjpsc0000gn/T/rust_mozprofilefux9Va"
1580158777920	addons.webextension.doh-rollout@mozilla.org	WARN	Loading extension 'doh-rollout@mozilla.org': Reading manifest: Invalid extension permission: networkStatus
1580158777941	addons.webextension.screenshots@mozilla.org	WARN	Loading extension 'screenshots@mozilla.org': Reading manifest: Invalid extension permission: mozillaAddons
1580158777941	addons.webextension.screenshots@mozilla.org	WARN	Loading extension 'screenshots@mozilla.org': Reading manifest: Invalid extension permission: telemetry
1580158777942	addons.webextension.screenshots@mozilla.org	WARN	Loading extension 'screenshots@mozilla.org': Reading manifest: Invalid extension permission: resource://pdf.js/
1580158777942	addons.webextension.screenshots@mozilla.org	WARN	Loading extension 'screenshots@mozilla.org': Reading manifest: Invalid extension permission: about:reader*
1580158779624	Marionette	INFO	Listening on port 57599
1580158779690	Marionette	WARN	TLS certificate errors will be ignored for this session
JavaScript error: , line 0: uncaught exception: 2147746132
JavaScript error: , line 0: uncaught exception: 2147746132
1580158824486	mozrunner::runner	INFO	Running command: "/Applications/Firefox.app/Contents/MacOS/firefox-bin" "-marionette" "-foreground" "-no-remote" "-profile" "/var/folders/64/86x9sk514qnckpmsw50tjpsc0000gn/T/rust_mozprofilesquuMG"
1580158824852	addons.webextension.doh-rollout@mozilla.org	WARN	Loading extension 'doh-rollout@mozilla.org': Reading manifest: Invalid extension permission: networkStatus
1580158824873	addons.webextension.screenshots@mozilla.org	WARN	Loading extension 'screenshots@mozilla.org': Reading manifest: Invalid extension permission: mozillaAddons
1580158824873	addons.webextension.screenshots@mozilla.org	WARN	Loading extension 'screenshots@mozilla.org': Reading manifest: Invalid extension permission: telemetry
1580158824874	addons.webextension.screenshots@mozilla.org	WARN	Loading extension 'screenshots@mozilla.org': Reading manifest: Invalid extension permission: resource://pdf.js/
1580158824874	addons.webextension.screenshots@mozilla.org	WARN	Loading extension 'screenshots@mozilla.org': Reading manifest: Invalid extension permission: about:reader*
1580158826501	Marionette	INFO	Listening on port 57740
1580158826522	Marionette	WARN	TLS certificate errors will be ignored for this session
JavaScript error: , line 0: uncaught exception: 2147746132
JavaScript error: , line 0: uncaught exception: 2147746132
1580158889724	mozrunner::runner	INFO	Running command: "/Applications/Firefox.app/Contents/MacOS/firefox-bin" "-marionette" "-foreground" "-no-remote" "-profile" "/var/folders/64/86x9sk514qnckpmsw50tjpsc0000gn/T/rust_mozprofileDGgfTH"
1580158890164	addons.webextension.doh-rollout@mozilla.org	WARN	Loading extension 'doh-rollout@mozilla.org': Reading manifest: Invalid extension permission: networkStatus
1580158890208	addons.webextension.screenshots@mozilla.org	WARN	Loading extension 'screenshots@mozilla.org': Reading manifest: Invalid extension permission: mozillaAddons
1580158890208	addons.webextension.screenshots@mozilla.org	WARN	Loading extension 'screenshots@mozilla.org': Reading manifest: Invalid extension permission: telemetry
1580158890208	addons.webextension.screenshots@mozilla.org	WARN	Loading extension 'screenshots@mozilla.org': Reading manifest: Invalid extension permission: resource://pdf.js/
1580158890208	addons.webextension.screenshots@mozilla.org	WARN	Loading extension 'screenshots@mozilla.org': Reading manifest: Invalid extension permission: about:reader*
1580158892401	Marionette	INFO	Listening on port 57948
1580158892489	Marionette	WARN	TLS certificate errors will be ignored for this session
JavaScript error: , line 0: uncaught exception: 2147746132
JavaScript error: , line 0: uncaught exception: 2147746132
1580158922502	mozrunner::runner	INFO	Running command: "/Applications/Firefox.app/Contents/MacOS/firefox-bin" "-marionette" "-foreground" "-no-remote" "-profile" "/var/folders/64/86x9sk514qnckpmsw50tjpsc0000gn/T/rust_mozprofileulfnUF"
1580158922930	addons.webextension.doh-rollout@mozilla.org	WARN	Loading extension 'doh-rollout@mozilla.org': Reading manifest: Invalid extension permission: networkStatus
1580158922958	addons.webextension.screenshots@mozilla.org	WARN	Loading extension 'screenshots@mozilla.org': Reading manifest: Invalid extension permission: mozillaAddons
1580158922958	addons.webextension.screenshots@mozilla.org	WARN	Loading extension 'screenshots@mozilla.org': Reading manifest: Invalid extension permission: telemetry
1580158922958	addons.webextension.screenshots@mozilla.org	WARN	Loading extension 'screenshots@mozilla.org': Reading manifest: Invalid extension permission: resource://pdf.js/
1580158922958	addons.webextension.screenshots@mozilla.org	WARN	Loading extension 'screenshots@mozilla.org': Reading manifest: Invalid extension permission: about:reader*
1580158924987	Marionette	INFO	Listening on port 58098
1580158925069	Marionette	WARN	TLS certificate errors will be ignored for this session
JavaScript error: , line 0: uncaught exception: 2147746132
JavaScript error: , line 0: uncaught exception: 2147746132
1580158932642	mozrunner::runner	INFO	Running command: "/Applications/Firefox.app/Contents/MacOS/firefox-bin" "-marionette" "-foreground" "-no-remote" "-profile" "/var/folders/64/86x9sk514qnckpmsw50tjpsc0000gn/T/rust_mozprofilecotxKc"
1580158933023	addons.webextension.doh-rollout@mozilla.org	WARN	Loading extension 'doh-rollout@mozilla.org': Reading manifest: Invalid extension permission: networkStatus
1580158933046	addons.webextension.screenshots@mozilla.org	WARN	Loading extension 'screenshots@mozilla.org': Reading manifest: Invalid extension permission: mozillaAddons
1580158933046	addons.webextension.screenshots@mozilla.org	WARN	Loading extension 'screenshots@mozilla.org': Reading manifest: Invalid extension permission: telemetry
1580158933046	addons.webextension.screenshots@mozilla.org	WARN	Loading extension 'screenshots@mozilla.org': Reading manifest: Invalid extension permission: resource://pdf.js/
1580158933046	addons.webextension.screenshots@mozilla.org	WARN	Loading extension 'screenshots@mozilla.org': Reading manifest: Invalid extension permission: about:reader*
1580158934690	Marionette	INFO	Listening on port 58179
1580158934784	Marionette	WARN	TLS certificate errors will be ignored for this session
JavaScript error: , line 0: uncaught exception: 2147746132
JavaScript error: , line 0: uncaught exception: 2147746132
1580158950720	mozrunner::runner	INFO	Running command: "/Applications/Firefox.app/Contents/MacOS/firefox-bin" "-marionette" "-foreground" "-no-remote" "-profile" "/var/folders/64/86x9sk514qnckpmsw50tjpsc0000gn/T/rust_mozprofileftXkF8"
1580158951197	addons.webextension.doh-rollout@mozilla.org	WARN	Loading extension 'doh-rollout@mozilla.org': Reading manifest: Invalid extension permission: networkStatus
1580158951218	addons.webextension.screenshots@mozilla.org	WARN	Loading extension 'screenshots@mozilla.org': Reading manifest: Invalid extension permission: mozillaAddons
1580158951218	addons.webextension.screenshots@mozilla.org	WARN	Loading extension 'screenshots@mozilla.org': Reading manifest: Invalid extension permission: telemetry
1580158951218	addons.webextension.screenshots@mozilla.org	WARN	Loading extension 'screenshots@mozilla.org': Reading manifest: Invalid extension permission: resource://pdf.js/
1580158951218	addons.webextension.screenshots@mozilla.org	WARN	Loading extension 'screenshots@mozilla.org': Reading manifest: Invalid extension permission: about:reader*
1580158953210	Marionette	INFO	Listening on port 58260
1580158953287	Marionette	WARN	TLS certificate errors will be ignored for this session
JavaScript error: , line 0: uncaught exception: 2147746132
JavaScript error: , line 0: uncaught exception: 2147746132
1580158978631	mozrunner::runner	INFO	Running command: "/Applications/Firefox.app/Contents/MacOS/firefox-bin" "-marionette" "-foreground" "-no-remote" "-profile" "/var/folders/64/86x9sk514qnckpmsw50tjpsc0000gn/T/rust_mozprofilehD4WGA"
1580158979162	addons.webextension.doh-rollout@mozilla.org	WARN	Loading extension 'doh-rollout@mozilla.org': Reading manifest: Invalid extension permission: networkStatus
1580158979186	addons.webextension.screenshots@mozilla.org	WARN	Loading extension 'screenshots@mozilla.org': Reading manifest: Invalid extension permission: mozillaAddons
1580158979186	addons.webextension.screenshots@mozilla.org	WARN	Loading extension 'screenshots@mozilla.org': Reading manifest: Invalid extension permission: telemetry
1580158979187	addons.webextension.screenshots@mozilla.org	WARN	Loading extension 'screenshots@mozilla.org': Reading manifest: Invalid extension permission: resource://pdf.js/
1580158979187	addons.webextension.screenshots@mozilla.org	WARN	Loading extension 'screenshots@mozilla.org': Reading manifest: Invalid extension permission: about:reader*
1580158981261	Marionette	INFO	Listening on port 58387
1580158981292	Marionette	WARN	TLS certificate errors will be ignored for this session
JavaScript error: , line 0: uncaught exception: 2147746132
JavaScript error: , line 0: uncaught exception: 2147746132
1580158999705	mozrunner::runner	INFO	Running command: "/Applications/Firefox.app/Contents/MacOS/firefox-bin" "-marionette" "-foreground" "-no-remote" "-profile" "/var/folders/64/86x9sk514qnckpmsw50tjpsc0000gn/T/rust_mozprofilerqNza2"
1580159000197	addons.webextension.doh-rollout@mozilla.org	WARN	Loading extension 'doh-rollout@mozilla.org': Reading manifest: Invalid extension permission: networkStatus
1580159000221	addons.webextension.screenshots@mozilla.org	WARN	Loading extension 'screenshots@mozilla.org': Reading manifest: Invalid extension permission: mozillaAddons
1580159000221	addons.webextension.screenshots@mozilla.org	WARN	Loading extension 'screenshots@mozilla.org': Reading manifest: Invalid extension permission: telemetry
1580159000222	addons.webextension.screenshots@mozilla.org	WARN	Loading extension 'screenshots@mozilla.org': Reading manifest: Invalid extension permission: resource://pdf.js/
1580159000222	addons.webextension.screenshots@mozilla.org	WARN	Loading extension 'screenshots@mozilla.org': Reading manifest: Invalid extension permission: about:reader*
1580159002092	Marionette	INFO	Listening on port 58502
1580159002173	Marionette	WARN	TLS certificate errors will be ignored for this session
JavaScript error: , line 0: uncaught exception: 2147746132
JavaScript error: , line 0: uncaught exception: 2147746132
1580159027883	mozrunner::runner	INFO	Running command: "/Applications/Firefox.app/Contents/MacOS/firefox-bin" "-marionette" "-foreground" "-no-remote" "-profile" "/var/folders/64/86x9sk514qnckpmsw50tjpsc0000gn/T/rust_mozprofileJFCJ9X"
1580159028402	addons.webextension.doh-rollout@mozilla.org	WARN	Loading extension 'doh-rollout@mozilla.org': Reading manifest: Invalid extension permission: networkStatus
1580159028425	addons.webextension.screenshots@mozilla.org	WARN	Loading extension 'screenshots@mozilla.org': Reading manifest: Invalid extension permission: mozillaAddons
1580159028425	addons.webextension.screenshots@mozilla.org	WARN	Loading extension 'screenshots@mozilla.org': Reading manifest: Invalid extension permission: telemetry
1580159028425	addons.webextension.screenshots@mozilla.org	WARN	Loading extension 'screenshots@mozilla.org': Reading manifest: Invalid extension permission: resource://pdf.js/
1580159028426	addons.webextension.screenshots@mozilla.org	WARN	Loading extension 'screenshots@mozilla.org': Reading manifest: Invalid extension permission: about:reader*
1580159030418	Marionette	INFO	Listening on port 58625
1580159030457	Marionette	WARN	TLS certificate errors will be ignored for this session
JavaScript error: , line 0: uncaught exception: 2147746132
JavaScript error: , line 0: uncaught exception: 2147746132
1580159044370	mozrunner::runner	INFO	Running command: "/Applications/Firefox.app/Contents/MacOS/firefox-bin" "-marionette" "-foreground" "-no-remote" "-profile" "/var/folders/64/86x9sk514qnckpmsw50tjpsc0000gn/T/rust_mozprofilehXRUJN"
1580159044923	addons.webextension.doh-rollout@mozilla.org	WARN	Loading extension 'doh-rollout@mozilla.org': Reading manifest: Invalid extension permission: networkStatus
1580159044949	addons.webextension.screenshots@mozilla.org	WARN	Loading extension 'screenshots@mozilla.org': Reading manifest: Invalid extension permission: mozillaAddons
1580159044950	addons.webextension.screenshots@mozilla.org	WARN	Loading extension 'screenshots@mozilla.org': Reading manifest: Invalid extension permission: telemetry
1580159044950	addons.webextension.screenshots@mozilla.org	WARN	Loading extension 'screenshots@mozilla.org': Reading manifest: Invalid extension permission: resource://pdf.js/
1580159044950	addons.webextension.screenshots@mozilla.org	WARN	Loading extension 'screenshots@mozilla.org': Reading manifest: Invalid extension permission: about:reader*
1580159046897	Marionette	INFO	Listening on port 58725
1580159046923	Marionette	WARN	TLS certificate errors will be ignored for this session
1580159047488	Marionette	INFO	Stopped listening on port 57419
JavaScript error: , line 0: uncaught exception: 2147746132
JavaScript error: , line 0: uncaught exception: 2147746132
1580159049619	Marionette	INFO	Stopped listening on port 57599
1580159055932	Marionette	INFO	Stopped listening on port 57740
1580159057940	Marionette	INFO	Stopped listening on port 57948
1580159062942	Marionette	INFO	Stopped listening on port 58098
1580159065370	Marionette	INFO	Stopped listening on port 58179
1580159068165	Marionette	INFO	Stopped listening on port 58260
1580159070882	Marionette	INFO	Stopped listening on port 58387
1580159074804	Marionette	INFO	Stopped listening on port 58502
1580159078602	Marionette	INFO	Stopped listening on port 58625
1580159084044	Marionette	INFO	Stopped listening on port 58725
1580159084960	mozrunner::runner	INFO	Running command: "/Applications/Firefox.app/Contents/MacOS/firefox-bin" "-marionette" "-foreground" "-no-remote" "-profile" "/var/folders/64/86x9sk514qnckpmsw50tjpsc0000gn/T/rust_mozprofilea7wyna"
1580159085360	addons.webextension.doh-rollout@mozilla.org	WARN	Loading extension 'doh-rollout@mozilla.org': Reading manifest: Invalid extension permission: networkStatus
1580159085388	addons.webextension.screenshots@mozilla.org	WARN	Loading extension 'screenshots@mozilla.org': Reading manifest: Invalid extension permission: mozillaAddons
1580159085388	addons.webextension.screenshots@mozilla.org	WARN	Loading extension 'screenshots@mozilla.org': Reading manifest: Invalid extension permission: telemetry
1580159085388	addons.webextension.screenshots@mozilla.org	WARN	Loading extension 'screenshots@mozilla.org': Reading manifest: Invalid extension permission: resource://pdf.js/
1580159085388	addons.webextension.screenshots@mozilla.org	WARN	Loading extension 'screenshots@mozilla.org': Reading manifest: Invalid extension permission: about:reader*
1580159087227	Marionette	INFO	Listening on port 58903
1580159087314	Marionette	WARN	TLS certificate errors will be ignored for this session
JavaScript error: , line 0: uncaught exception: 2147746132
JavaScript error: , line 0: uncaught exception: 2147746132
1580159105344	Marionette	INFO	Stopped listening on port 57127
1580159188356	mozrunner::runner	INFO	Running command: "/Applications/Firefox.app/Contents/MacOS/firefox-bin" "-marionette" "-foreground" "-no-remote" "-profile" "/var/folders/64/86x9sk514qnckpmsw50tjpsc0000gn/T/rust_mozprofilercr7BI"
1580159188710	addons.webextension.doh-rollout@mozilla.org	WARN	Loading extension 'doh-rollout@mozilla.org': Reading manifest: Invalid extension permission: networkStatus
1580159188731	addons.webextension.screenshots@mozilla.org	WARN	Loading extension 'screenshots@mozilla.org': Reading manifest: Invalid extension permission: mozillaAddons
1580159188731	addons.webextension.screenshots@mozilla.org	WARN	Loading extension 'screenshots@mozilla.org': Reading manifest: Invalid extension permission: telemetry
1580159188731	addons.webextension.screenshots@mozilla.org	WARN	Loading extension 'screenshots@mozilla.org': Reading manifest: Invalid extension permission: resource://pdf.js/
1580159188731	addons.webextension.screenshots@mozilla.org	WARN	Loading extension 'screenshots@mozilla.org': Reading manifest: Invalid extension permission: about:reader*
1580159190266	Marionette	INFO	Listening on port 59164
1580159190284	Marionette	WARN	TLS certificate errors will be ignored for this session
JavaScript error: , line 0: uncaught exception: 2147746132
JavaScript error: , line 0: uncaught exception: 2147746132
1580159243311	Marionette	INFO	Stopped listening on port 59164
1580159260072	mozrunner::runner	INFO	Running command: "/Applications/Firefox.app/Contents/MacOS/firefox-bin" "-marionette" "-foreground" "-no-remote" "-profile" "/var/folders/64/86x9sk514qnckpmsw50tjpsc0000gn/T/rust_mozprofileMnhgP1"
1580159260466	addons.webextension.doh-rollout@mozilla.org	WARN	Loading extension 'doh-rollout@mozilla.org': Reading manifest: Invalid extension permission: networkStatus
1580159260488	addons.webextension.screenshots@mozilla.org	WARN	Loading extension 'screenshots@mozilla.org': Reading manifest: Invalid extension permission: mozillaAddons
1580159260488	addons.webextension.screenshots@mozilla.org	WARN	Loading extension 'screenshots@mozilla.org': Reading manifest: Invalid extension permission: telemetry
1580159260488	addons.webextension.screenshots@mozilla.org	WARN	Loading extension 'screenshots@mozilla.org': Reading manifest: Invalid extension permission: resource://pdf.js/
1580159260488	addons.webextension.screenshots@mozilla.org	WARN	Loading extension 'screenshots@mozilla.org': Reading manifest: Invalid extension permission: about:reader*
1580159262023	Marionette	INFO	Listening on port 59415
1580159262116	Marionette	WARN	TLS certificate errors will be ignored for this session
JavaScript error: , line 0: uncaught exception: 2147746132
JavaScript error: , line 0: uncaught exception: 2147746132
1580159293398	Marionette	INFO	Stopped listening on port 59415
1580159405047	mozrunner::runner	INFO	Running command: "/Applications/Firefox.app/Contents/MacOS/firefox-bin" "-marionette" "-foreground" "-no-remote" "-profile" "/var/folders/64/86x9sk514qnckpmsw50tjpsc0000gn/T/rust_mozprofileVtfabL"
1580159405408	addons.webextension.doh-rollout@mozilla.org	WARN	Loading extension 'doh-rollout@mozilla.org': Reading manifest: Invalid extension permission: networkStatus
1580159405430	addons.webextension.screenshots@mozilla.org	WARN	Loading extension 'screenshots@mozilla.org': Reading manifest: Invalid extension permission: mozillaAddons
1580159405430	addons.webextension.screenshots@mozilla.org	WARN	Loading extension 'screenshots@mozilla.org': Reading manifest: Invalid extension permission: telemetry
1580159405430	addons.webextension.screenshots@mozilla.org	WARN	Loading extension 'screenshots@mozilla.org': Reading manifest: Invalid extension permission: resource://pdf.js/
1580159405430	addons.webextension.screenshots@mozilla.org	WARN	Loading extension 'screenshots@mozilla.org': Reading manifest: Invalid extension permission: about:reader*
1580159406969	Marionette	INFO	Listening on port 59665
1580159406984	Marionette	WARN	TLS certificate errors will be ignored for this session
JavaScript error: , line 0: uncaught exception: 2147746132
JavaScript error: , line 0: uncaught exception: 2147746132
Marionette threw an error: TypeError: this.curBrowser.contentBrowser is null
GeckoDriver.prototype.get@chrome://marionette/content/driver.js:1136:3

1580159461504	mozrunner::runner	INFO	Running command: "/Applications/Firefox.app/Contents/MacOS/firefox-bin" "-marionette" "-foreground" "-no-remote" "-profile" "/var/folders/64/86x9sk514qnckpmsw50tjpsc0000gn/T/rust_mozprofilecJdXmT"
1580159461871	addons.webextension.doh-rollout@mozilla.org	WARN	Loading extension 'doh-rollout@mozilla.org': Reading manifest: Invalid extension permission: networkStatus
1580159461892	addons.webextension.screenshots@mozilla.org	WARN	Loading extension 'screenshots@mozilla.org': Reading manifest: Invalid extension permission: mozillaAddons
1580159461892	addons.webextension.screenshots@mozilla.org	WARN	Loading extension 'screenshots@mozilla.org': Reading manifest: Invalid extension permission: telemetry
1580159461892	addons.webextension.screenshots@mozilla.org	WARN	Loading extension 'screenshots@mozilla.org': Reading manifest: Invalid extension permission: resource://pdf.js/
1580159461892	addons.webextension.screenshots@mozilla.org	WARN	Loading extension 'screenshots@mozilla.org': Reading manifest: Invalid extension permission: about:reader*
1580159463475	Marionette	INFO	Listening on port 59840
1580159463547	Marionette	WARN	TLS certificate errors will be ignored for this session
1580161233392	mozrunner::runner	INFO	Running command: "/Applications/Firefox.app/Contents/MacOS/firefox-bin" "-marionette" "-foreground" "-no-remote" "-profile" "/var/folders/64/86x9sk514qnckpmsw50tjpsc0000gn/T/rust_mozprofileUn8ipI"
1580161233804	addons.webextension.doh-rollout@mozilla.org	WARN	Loading extension 'doh-rollout@mozilla.org': Reading manifest: Invalid extension permission: networkStatus
1580161233826	addons.webextension.screenshots@mozilla.org	WARN	Loading extension 'screenshots@mozilla.org': Reading manifest: Invalid extension permission: mozillaAddons
1580161233826	addons.webextension.screenshots@mozilla.org	WARN	Loading extension 'screenshots@mozilla.org': Reading manifest: Invalid extension permission: telemetry
1580161233826	addons.webextension.screenshots@mozilla.org	WARN	Loading extension 'screenshots@mozilla.org': Reading manifest: Invalid extension permission: resource://pdf.js/
1580161233826	addons.webextension.screenshots@mozilla.org	WARN	Loading extension 'screenshots@mozilla.org': Reading manifest: Invalid extension permission: about:reader*
1580161235431	Marionette	INFO	Listening on port 60906
1580161235444	Marionette	WARN	TLS certificate errors will be ignored for this session
1580161309025	mozrunner::runner	INFO	Running command: "/Applications/Firefox.app/Contents/MacOS/firefox-bin" "-marionette" "-foreground" "-no-remote" "-profile" "/var/folders/64/86x9sk514qnckpmsw50tjpsc0000gn/T/rust_mozprofile39kC6S"
1580161309428	addons.webextension.doh-rollout@mozilla.org	WARN	Loading extension 'doh-rollout@mozilla.org': Reading manifest: Invalid extension permission: networkStatus
1580161309451	addons.webextension.screenshots@mozilla.org	WARN	Loading extension 'screenshots@mozilla.org': Reading manifest: Invalid extension permission: mozillaAddons
1580161309451	addons.webextension.screenshots@mozilla.org	WARN	Loading extension 'screenshots@mozilla.org': Reading manifest: Invalid extension permission: telemetry
1580161309451	addons.webextension.screenshots@mozilla.org	WARN	Loading extension 'screenshots@mozilla.org': Reading manifest: Invalid extension permission: resource://pdf.js/
1580161309451	addons.webextension.screenshots@mozilla.org	WARN	Loading extension 'screenshots@mozilla.org': Reading manifest: Invalid extension permission: about:reader*
1580161311167	Marionette	INFO	Listening on port 61087
1580161311180	Marionette	WARN	TLS certificate errors will be ignored for this session
JavaScript error: , line 0: uncaught exception: 2147746132
JavaScript error: , line 0: uncaught exception: 2147746132
Marionette threw an error: TypeError: this.curBrowser.contentBrowser is null
GeckoDriver.prototype.get@chrome://marionette/content/driver.js:1136:3

1580161428643	Marionette	INFO	Stopped listening on port 60906
1580161431625	Marionette	INFO	Stopped listening on port 59840
1580161435952	Marionette	INFO	Stopped listening on port 61087
1580161445050	mozrunner::runner	INFO	Running command: "/Applications/Firefox.app/Contents/MacOS/firefox-bin" "-marionette" "-foreground" "-no-remote" "-profile" "/var/folders/64/86x9sk514qnckpmsw50tjpsc0000gn/T/rust_mozprofileKEV0QD"
1580161445456	addons.webextension.doh-rollout@mozilla.org	WARN	Loading extension 'doh-rollout@mozilla.org': Reading manifest: Invalid extension permission: networkStatus
1580161445479	addons.webextension.screenshots@mozilla.org	WARN	Loading extension 'screenshots@mozilla.org': Reading manifest: Invalid extension permission: mozillaAddons
1580161445479	addons.webextension.screenshots@mozilla.org	WARN	Loading extension 'screenshots@mozilla.org': Reading manifest: Invalid extension permission: telemetry
1580161445479	addons.webextension.screenshots@mozilla.org	WARN	Loading extension 'screenshots@mozilla.org': Reading manifest: Invalid extension permission: resource://pdf.js/
1580161445479	addons.webextension.screenshots@mozilla.org	WARN	Loading extension 'screenshots@mozilla.org': Reading manifest: Invalid extension permission: about:reader*
1580161447055	Marionette	INFO	Listening on port 61420
1580161447085	Marionette	WARN	TLS certificate errors will be ignored for this session
JavaScript error: , line 0: uncaught exception: 2147746132
JavaScript error: , line 0: uncaught exception: 2147746132
1580161519966	mozrunner::runner	INFO	Running command: "/Applications/Firefox.app/Contents/MacOS/firefox-bin" "-marionette" "-foreground" "-no-remote" "-profile" "/var/folders/64/86x9sk514qnckpmsw50tjpsc0000gn/T/rust_mozprofileXs4HKT"
1580161520332	addons.webextension.doh-rollout@mozilla.org	WARN	Loading extension 'doh-rollout@mozilla.org': Reading manifest: Invalid extension permission: networkStatus
1580161520354	addons.webextension.screenshots@mozilla.org	WARN	Loading extension 'screenshots@mozilla.org': Reading manifest: Invalid extension permission: mozillaAddons
1580161520354	addons.webextension.screenshots@mozilla.org	WARN	Loading extension 'screenshots@mozilla.org': Reading manifest: Invalid extension permission: telemetry
1580161520354	addons.webextension.screenshots@mozilla.org	WARN	Loading extension 'screenshots@mozilla.org': Reading manifest: Invalid extension permission: resource://pdf.js/
1580161520354	addons.webextension.screenshots@mozilla.org	WARN	Loading extension 'screenshots@mozilla.org': Reading manifest: Invalid extension permission: about:reader*
1580161521966	Marionette	INFO	Listening on port 61626
1580161521999	Marionette	WARN	TLS certificate errors will be ignored for this session
JavaScript error: , line 0: uncaught exception: 2147746132
JavaScript error: , line 0: uncaught exception: 2147746132
1580161554337	mozrunner::runner	INFO	Running command: "/Applications/Firefox.app/Contents/MacOS/firefox-bin" "-marionette" "-foreground" "-no-remote" "-profile" "/var/folders/64/86x9sk514qnckpmsw50tjpsc0000gn/T/rust_mozprofilehKAp9V"
1580161554760	addons.webextension.doh-rollout@mozilla.org	WARN	Loading extension 'doh-rollout@mozilla.org': Reading manifest: Invalid extension permission: networkStatus
1580161554781	addons.webextension.screenshots@mozilla.org	WARN	Loading extension 'screenshots@mozilla.org': Reading manifest: Invalid extension permission: mozillaAddons
1580161554781	addons.webextension.screenshots@mozilla.org	WARN	Loading extension 'screenshots@mozilla.org': Reading manifest: Invalid extension permission: telemetry
1580161554781	addons.webextension.screenshots@mozilla.org	WARN	Loading extension 'screenshots@mozilla.org': Reading manifest: Invalid extension permission: resource://pdf.js/
1580161554781	addons.webextension.screenshots@mozilla.org	WARN	Loading extension 'screenshots@mozilla.org': Reading manifest: Invalid extension permission: about:reader*
1580161556492	Marionette	INFO	Listening on port 61745
1580161556591	Marionette	WARN	TLS certificate errors will be ignored for this session
JavaScript error: , line 0: uncaught exception: 2147746132
JavaScript error: , line 0: uncaught exception: 2147746132
1580161570061	mozrunner::runner	INFO	Running command: "/Applications/Firefox.app/Contents/MacOS/firefox-bin" "-marionette" "-foreground" "-no-remote" "-profile" "/var/folders/64/86x9sk514qnckpmsw50tjpsc0000gn/T/rust_mozprofileqCiK6F"
1580161570437	addons.webextension.doh-rollout@mozilla.org	WARN	Loading extension 'doh-rollout@mozilla.org': Reading manifest: Invalid extension permission: networkStatus
1580161570462	addons.webextension.screenshots@mozilla.org	WARN	Loading extension 'screenshots@mozilla.org': Reading manifest: Invalid extension permission: mozillaAddons
1580161570462	addons.webextension.screenshots@mozilla.org	WARN	Loading extension 'screenshots@mozilla.org': Reading manifest: Invalid extension permission: telemetry
1580161570462	addons.webextension.screenshots@mozilla.org	WARN	Loading extension 'screenshots@mozilla.org': Reading manifest: Invalid extension permission: resource://pdf.js/
1580161570462	addons.webextension.screenshots@mozilla.org	WARN	Loading extension 'screenshots@mozilla.org': Reading manifest: Invalid extension permission: about:reader*
1580161572157	Marionette	INFO	Listening on port 61833
1580161572193	Marionette	WARN	TLS certificate errors will be ignored for this session
JavaScript error: , line 0: uncaught exception: 2147746132
JavaScript error: , line 0: uncaught exception: 2147746132
1580161577459	mozrunner::runner	INFO	Running command: "/Applications/Firefox.app/Contents/MacOS/firefox-bin" "-marionette" "-foreground" "-no-remote" "-profile" "/var/folders/64/86x9sk514qnckpmsw50tjpsc0000gn/T/rust_mozprofileIXJeKo"
1580161577841	addons.webextension.doh-rollout@mozilla.org	WARN	Loading extension 'doh-rollout@mozilla.org': Reading manifest: Invalid extension permission: networkStatus
1580161577863	addons.webextension.screenshots@mozilla.org	WARN	Loading extension 'screenshots@mozilla.org': Reading manifest: Invalid extension permission: mozillaAddons
1580161577863	addons.webextension.screenshots@mozilla.org	WARN	Loading extension 'screenshots@mozilla.org': Reading manifest: Invalid extension permission: telemetry
1580161577863	addons.webextension.screenshots@mozilla.org	WARN	Loading extension 'screenshots@mozilla.org': Reading manifest: Invalid extension permission: resource://pdf.js/
1580161577863	addons.webextension.screenshots@mozilla.org	WARN	Loading extension 'screenshots@mozilla.org': Reading manifest: Invalid extension permission: about:reader*
1580161579873	Marionette	INFO	Listening on port 61887
1580161579901	Marionette	WARN	TLS certificate errors will be ignored for this session
JavaScript error: , line 0: uncaught exception: 2147746132
JavaScript error: , line 0: uncaught exception: 2147746132
1580161596811	mozrunner::runner	INFO	Running command: "/Applications/Firefox.app/Contents/MacOS/firefox-bin" "-marionette" "-foreground" "-no-remote" "-profile" "/var/folders/64/86x9sk514qnckpmsw50tjpsc0000gn/T/rust_mozprofileAk00HO"
1580161597227	addons.webextension.doh-rollout@mozilla.org	WARN	Loading extension 'doh-rollout@mozilla.org': Reading manifest: Invalid extension permission: networkStatus
1580161597251	addons.webextension.screenshots@mozilla.org	WARN	Loading extension 'screenshots@mozilla.org': Reading manifest: Invalid extension permission: mozillaAddons
1580161597251	addons.webextension.screenshots@mozilla.org	WARN	Loading extension 'screenshots@mozilla.org': Reading manifest: Invalid extension permission: telemetry
1580161597251	addons.webextension.screenshots@mozilla.org	WARN	Loading extension 'screenshots@mozilla.org': Reading manifest: Invalid extension permission: resource://pdf.js/
1580161597251	addons.webextension.screenshots@mozilla.org	WARN	Loading extension 'screenshots@mozilla.org': Reading manifest: Invalid extension permission: about:reader*
1580161598998	Marionette	INFO	Listening on port 61983
1580161599070	Marionette	WARN	TLS certificate errors will be ignored for this session
JavaScript error: , line 0: uncaught exception: 2147746132
JavaScript error: , line 0: uncaught exception: 2147746132
1580161605153	mozrunner::runner	INFO	Running command: "/Applications/Firefox.app/Contents/MacOS/firefox-bin" "-marionette" "-foreground" "-no-remote" "-profile" "/var/folders/64/86x9sk514qnckpmsw50tjpsc0000gn/T/rust_mozprofiles855L8"
1580161605587	addons.webextension.doh-rollout@mozilla.org	WARN	Loading extension 'doh-rollout@mozilla.org': Reading manifest: Invalid extension permission: networkStatus
1580161605612	addons.webextension.screenshots@mozilla.org	WARN	Loading extension 'screenshots@mozilla.org': Reading manifest: Invalid extension permission: mozillaAddons
1580161605612	addons.webextension.screenshots@mozilla.org	WARN	Loading extension 'screenshots@mozilla.org': Reading manifest: Invalid extension permission: telemetry
1580161605612	addons.webextension.screenshots@mozilla.org	WARN	Loading extension 'screenshots@mozilla.org': Reading manifest: Invalid extension permission: resource://pdf.js/
1580161605612	addons.webextension.screenshots@mozilla.org	WARN	Loading extension 'screenshots@mozilla.org': Reading manifest: Invalid extension permission: about:reader*
1580161607708	Marionette	INFO	Listening on port 62039
1580161607740	Marionette	WARN	TLS certificate errors will be ignored for this session
JavaScript error: , line 0: uncaught exception: 2147746132
JavaScript error: , line 0: uncaught exception: 2147746132
1580161620509	Marionette	INFO	Stopped listening on port 61420
1580161623607	Marionette	INFO	Stopped listening on port 61626
1580161626182	Marionette	INFO	Stopped listening on port 61745
1580161628433	Marionette	INFO	Stopped listening on port 61833
1580161630929	Marionette	INFO	Stopped listening on port 61887
1580161634448	Marionette	INFO	Stopped listening on port 61983
1580161638683	Marionette	INFO	Stopped listening on port 62039
JavaScript error: resource://gre/modules/XULStore.jsm, line 66: Error: Can't find profile directory.
JavaScript warning: https://www.google.com/xjs/_/js/k=xjs.s.en_US.zNNK2_5tc40.O/ck=xjs.s.WHu9D84vjIo.L.F4.O/am=AAAAgCUAs24AnP9BAAAA1DEAACCgTbCxQAgSMogVEghA/d=1/exm=Fkg7bd,HcFEGb,IvlUe,MC8mtf,OF7gzc,RMhBfe,T4BAC,TJw5qb,TbaHGc,Y33vzc,ZyRBae,cdos,cr,csi,d,hsm,iDPoPb,jsa,mvYTse,tg8oTe,uz938c,vWNDde,ws9Tlc,yQ43ff/ed=1/dg=2/ct=zgms/rs=ACT90oEwDh7QJbcNt7hH3VUNCef5Eaq1dQ/m=Adromf,DGEKAc,EPszLb,F8FRnd,GxIAgd,KG2eXe,LoIQyc,MkHyGd,NBZ7u,NpD4ec,OG6ZHd,RPsCve,RqxLvf,T6sTsf,T7XTS,TrMQ4c,TxZWcc,U0aPgd,URQPYc,VLHaOe,VugqBb,Wq6lxf,XMgU6d,XjCeUc,ZDfS0b,aCZVp,aa,aam1T,abd,aspn,async,bgd,dI8huf,dvl,eFrYUd,eN4qad,exdc,foot,iTsyac,kyn,lazG7b,lli,lu,m,mI3LFb,mUpTid,mpck,mu,o02Jie,pB6Zqd,qik19b,rBFrtb,rHhjuc,rHjpXd,runuse,sb_wiz,sf,shrb,tfTN8c,tl,uiNkee,vs,wkrYee,xz7cCd,yKKcCb,zbML3c?xjs=s1, line 709: Error: Script terminated by timeout at:
s_8$g@https://www.google.com/xjs/_/js/k=xjs.s.en_US.zNNK2_5tc40.O/ck=xjs.s.WHu9D84vjIo.L.F4.O/am=AAAAgCUAs24AnP9BAAAA1DEAACCgTbCxQAgSMogVEghA/d=1/exm=Fkg7bd,HcFEGb,IvlUe,MC8mtf,OF7gzc,RMhBfe,T4BAC,TJw5qb,TbaHGc,Y33vzc,ZyRBae,cdos,cr,csi,d,hsm,iDPoPb,jsa,mvYTse,tg8oTe,uz938c,vWNDde,ws9Tlc,yQ43ff/ed=1/dg=2/ct=zgms/rs=ACT90oEwDh7QJbcNt7hH3VUNCef5Eaq1dQ/m=Adromf,DGEKAc,EPszLb,F8FRnd,GxIAgd,KG2eXe,LoIQyc,MkHyGd,NBZ7u,NpD4ec,OG6ZHd,RPsCve,RqxLvf,T6sTsf,T7XTS,TrMQ4c,TxZWcc,U0aPgd,URQPYc,VLHaOe,VugqBb,Wq6lxf,XMgU6d,XjCeUc,ZDfS0b,aCZVp,aa,aam1T,abd,aspn,async,bgd,dI8huf,dvl,eFrYUd,eN4qad,exdc,foot,iTsyac,kyn,lazG7b,lli,lu,m,mI3LFb,mUpTid,mpck,mu,o02Jie,pB6Zqd,qik19b,rBFrtb,rHhjuc,rHjpXd,runuse,sb_wiz,sf,shrb,tfTN8c,tl,uiNkee,vs,wkrYee,xz7cCd,yKKcCb,zbML3c?xjs=s1:709:1
s_gah@https://www.google.com/xjs/_/js/k=xjs.s.en_US.zNNK2_5tc40.O/ck=xjs.s.WHu9D84vjIo.L.F4.O/am=AAAAgCUAs24AnP9BAAAA1DEAACCgTbCxQAgSMogVEghA/d=1/exm=Fkg7bd,HcFEGb,IvlUe,MC8mtf,OF7gzc,RMhBfe,T4BAC,TJw5qb,TbaHGc,Y33vzc,ZyRBae,cdos,cr,csi,d,hsm,iDPoPb,jsa,mvYTse,tg8oTe,uz938c,vWNDde,ws9Tlc,yQ43ff/ed=1/dg=2/ct=zgms/rs=ACT90oEwDh7QJbcNt7hH3VUNCef5Eaq1dQ/m=Adromf,DGEKAc,EPszLb,F8FRnd,GxIAgd,KG2eXe,LoIQyc,MkHyGd,NBZ7u,NpD4ec,OG6ZHd,RPsCve,RqxLvf,T6sTsf,T7XTS,TrMQ4c,TxZWcc,U0aPgd,URQPYc,VLHaOe,VugqBb,Wq6lxf,XMgU6d,XjCeUc,ZDfS0b,aCZVp,aa,aam1T,abd,aspn,async,bgd,dI8huf,dvl,eFrYUd,eN4qad,exdc,foot,iTsyac,kyn,lazG7b,lli,lu,m,mI3LFb,mUpTid,mpck,mu,o02Jie,pB6Zqd,qik19b,rBFrtb,rHhjuc,rHjpXd,runuse,sb_wiz,sf,shrb,tfTN8c,tl,uiNkee,vs,wkrYee,xz7cCd,yKKcCb,zbML3c?xjs=s1:713:139
s_iah@https://www.google.com/xjs/_/js/k=xjs.s.en_US.zNNK2_5tc40.O/ck=xjs.s.WHu9D84vjIo.L.F4.O/am=AAAAgCUAs24AnP9BAAAA1DEAACCgTbCxQAgSMogVEghA/d=1/exm=Fkg7bd,HcFEGb,IvlUe,MC8mtf,OF7gzc,RMhBfe,T4BAC,TJw5qb,TbaHGc,Y33vzc,ZyRBae,cdos,cr,csi,d,hsm,iDPoPb,jsa,mvYTse,tg8oTe,uz938c,vWNDde,ws9Tlc,yQ43ff/ed=1/dg=2/ct=zgms/rs=ACT90oEwDh7QJbcNt7hH3VUNCef5Eaq1dQ/m=Adromf,DGEKAc,EPszLb,F8FRnd,GxIAgd,KG2eXe,LoIQyc,MkHyGd,NBZ7u,NpD4ec,OG6ZHd,RPsCve,RqxLvf,T6sTsf,T7XTS,TrMQ4c,TxZWcc,U0aPgd,URQPYc,VLHaOe,VugqBb,Wq6lxf,XMgU6d,XjCeUc,ZDfS0b,aCZVp,aa,aam1T,abd,aspn,async,bgd,dI8huf,dvl,eFrYUd,eN4qad,exdc,foot,iTsyac,kyn,lazG7b,lli,lu,m,mI3LFb,mUpTid,mpck,mu,o02Jie,pB6Zqd,qik19b,rBFrtb,rHhjuc,rHjpXd,runuse,sb_wiz,sf,shrb,tfTN8c,tl,uiNkee,vs,wkrYee,xz7cCd,yKKcCb,zbML3c?xjs=s1:713:439
s_Kah@https://www.google.com/xjs/_/js/k=xjs.s.en_US.zNNK2_5tc40.O/ck=xjs.s.WHu9D84vjIo.L.F4.O/am=AAAAgCUAs24AnP9BAAAA1DEAACCgTbCxQAgSMogVEghA/d=1/exm=Fkg7bd,HcFEGb,IvlUe,MC8mtf,OF7gzc,RMhBfe,T4BAC,TJw5qb,TbaHGc,Y33vzc,ZyRBae,cdos,cr,csi,d,hsm,iDPoPb,jsa,mvYTse,tg8oTe,uz938c,vWNDde,ws9Tlc,yQ43ff/ed=1/dg=2/ct=zgms/rs=ACT90oEwDh7QJbcNt7hH3VUNCef5Eaq1dQ/m=Adromf,DGEKAc,EPszLb,F8FRnd,GxIAgd,KG2eXe,LoIQyc,MkHyGd,NBZ7u,NpD4ec,OG6ZHd,RPsCve,RqxLvf,T6sTsf,T7XTS,TrMQ4c,TxZWcc,U0aPgd,URQPYc,VLHaOe,VugqBb,Wq6lxf,XMgU6d,XjCeUc,ZDfS0b,aCZVp,aa,aam1T,abd,aspn,async,bgd,dI8huf,dvl,eFrYUd,eN4qad,exdc,foot,iTsyac,kyn,lazG7b,lli,lu,m,mI3LFb,mUpTid,mpck,mu,o02Jie,pB6Zqd,qik19b,rBFrtb,rHhjuc,rHjpXd,runuse,sb_wiz,sf,shrb,tfTN8c,tl,uiNkee,vs,wkrYee,xz7cCd,yKKcCb,zbML3c?xjs=s1:745:73
s_Iah@https://www.google.com/xjs/_/js/k=xjs.s.en_US.zNNK2_5tc40.O/ck=xjs.s.WHu9D84vjIo.L.F4.O/am=AAAAgCUAs24AnP9BAAAA1DEAACCgTbCxQAgSMogVEghA/d=1/exm=Fkg7bd,HcFEGb,IvlUe,MC8mtf,OF7gzc,RMhBfe,T4BAC,TJw5qb,TbaHGc,Y33vzc,ZyRBae,cdos,cr,csi,d,hsm,iDPoPb,jsa,mvYTse,tg8oTe,uz938c,vWNDde,ws9Tlc,yQ43ff/ed=1/dg=2/ct=zgms/rs=ACT90oEwDh7QJbcNt7hH3VUNCef5Eaq1dQ/m=Adromf,DGEKAc,EPszLb,F8FRnd,GxIAgd,KG2eXe,LoIQyc,MkHyGd,NBZ7u,NpD4ec,OG6ZHd,RPsCve,RqxLvf,T6sTsf,T7XTS,TrMQ4c,TxZWcc,U0aPgd,URQPYc,VLHaOe,VugqBb,Wq6lxf,XMgU6d,XjCeUc,ZDfS0b,aCZVp,aa,aam1T,abd,aspn,async,bgd,dI8huf,dvl,eFrYUd,eN4qad,exdc,foot,iTsyac,kyn,lazG7b,lli,lu,m,mI3LFb,mUpTid,mpck,mu,o02Jie,pB6Zqd,qik19b,rBFrtb,rHhjuc,rHjpXd,runuse,sb_wiz,sf,shrb,tfTN8c,tl,uiNkee,vs,wkrYee,xz7cCd,yKKcCb,zbML3c?xjs=s1:746:284
s_Jah.prototype.rb@https://www.google.com/xjs/_/js/k=xjs.s.en_US.zNNK2_5tc40.O/ck=xjs.s.WHu9D84vjIo.L.F4.O/am=AAAAgCUAs24AnP9BAAAA1DEAACCgTbCxQAgSMogVEghA/d=1/exm=Fkg7bd,HcFEGb,IvlUe,MC8mtf,OF7gzc,RMhBfe,T4BAC,TJw5qb,TbaHGc,Y33vzc,ZyRBae,cdos,cr,csi,d,hsm,iDPoPb,jsa,mvYTse,tg8oTe,uz938c,vWNDde,ws9Tlc,yQ43ff/ed=1/dg=2/ct=zgms/rs=ACT90oEwDh7QJbcNt7hH3VUNCef5Eaq1dQ/m=Adromf,DGEKAc,EPszLb,F8FRnd,GxIAgd,KG2eXe,LoIQyc,MkHyGd,NBZ7u,NpD4ec,OG6ZHd,RPsCve,RqxLvf,T6sTsf,T7XTS,TrMQ4c,TxZWcc,U0aPgd,URQPYc,VLHaOe,VugqBb,Wq6lxf,XMgU6d,XjCeUc,ZDfS0b,aCZVp,aa,aam1T,abd,aspn,async,bgd,dI8huf,dvl,eFrYUd,eN4qad,exdc,foot,iTsyac,kyn,lazG7b,lli,lu,m,mI3LFb,mUpTid,mpck,mu,o02Jie,pB6Zqd,qik19b,rBFrtb,rHhjuc,rHjpXd,runuse,sb_wiz,sf,shrb,tfTN8c,tl,uiNkee,vs,wkrYee,xz7cCd,yKKcCb,zbML3c?xjs=s1:747:124
s_a.i0@https://www.google.com/xjs/_/js/k=xjs.s.en_US.zNNK2_5tc40.O/ck=xjs.s.WHu9D84vjIo.L.F4.O/m=Fkg7bd,HcFEGb,IvlUe,MC8mtf,OF7gzc,RMhBfe,T4BAC,TJw5qb,TbaHGc,Y33vzc,ZyRBae,cdos,cr,hsm,iDPoPb,jsa,mvYTse,tg8oTe,uz938c,vWNDde,ws9Tlc,yQ43ff,d,csi/am=AAAAgCUAs24AnP9BAAAA1DEAACCgTbCxQAgSMogVEghA/d=1/dg=2/ct=zgms/rs=ACT90oEwDh7QJbcNt7hH3VUNCef5Eaq1dQ:407:210
s_a.dispatchEvent@https://www.google.com/xjs/_/js/k=xjs.s.en_US.zNNK2_5tc40.O/ck=xjs.s.WHu9D84vjIo.L.F4.O/m=Fkg7bd,HcFEGb,IvlUe,MC8mtf,OF7gzc,RMhBfe,T4BAC,TJw5qb,TbaHGc,Y33vzc,ZyRBae,cdos,cr,hsm,iDPoPb,jsa,mvYTse,tg8oTe,uz938c,vWNDde,ws9Tlc,yQ43ff,d,csi/am=AAAAgCUAs24AnP9BAAAA1DEAACCgTbCxQAgSMogVEghA/d=1/dg=2/ct=zgms/rs=ACT90oEwDh7QJbcNt7hH3VUNCef5Eaq1dQ:405:385
s_t7.prototype.Ca@https://www.google.com/xjs/_/js/k=xjs.s.en_US.zNNK2_5tc40.O/ck=xjs.s.WHu9D84vjIo.L.F4.O/am=AAAAgCUAs24AnP9BAAAA1DEAACCgTbCxQAgSMogVEghA/d=1/exm=Fkg7bd,HcFEGb,IvlUe,MC8mtf,OF7gzc,RMhBfe,T4BAC,TJw5qb,TbaHGc,Y33vzc,ZyRBae,cdos,cr,csi,d,hsm,iDPoPb,jsa,mvYTse,tg8oTe,uz938c,vWNDde,ws9Tlc,yQ43ff/ed=1/dg=2/ct=zgms/rs=ACT90oEwDh7QJbcNt7hH3VUNCef5Eaq1dQ/m=Adromf,DGEKAc,EPszLb,F8FRnd,GxIAgd,KG2eXe,LoIQyc,MkHyGd,NBZ7u,NpD4ec,OG6ZHd,RPsCve,RqxLvf,T6sTsf,T7XTS,TrMQ4c,TxZWcc,U0aPgd,URQPYc,VLHaOe,VugqBb,Wq6lxf,XMgU6d,XjCeUc,ZDfS0b,aCZVp,aa,aam1T,abd,aspn,async,bgd,dI8huf,dvl,eFrYUd,eN4qad,exdc,foot,iTsyac,kyn,lazG7b,lli,lu,m,mI3LFb,mUpTid,mpck,mu,o02Jie,pB6Zqd,qik19b,rBFrtb,rHhjuc,rHjpXd,runuse,sb_wiz,sf,shrb,tfTN8c,tl,uiNkee,vs,wkrYee,xz7cCd,yKKcCb,zbML3c?xjs=s1:719:277
s_6ha@https://www.google.com/xjs/_/js/k=xjs.s.en_US.zNNK2_5tc40.O/ck=xjs.s.WHu9D84vjIo.L.F4.O/m=Fkg7bd,HcFEGb,IvlUe,MC8mtf,OF7gzc,RMhBfe,T4BAC,TJw5qb,TbaHGc,Y33vzc,ZyRBae,cdos,cr,hsm,iDPoPb,jsa,mvYTse,tg8oTe,uz938c,vWNDde,ws9Tlc,yQ43ff,d,csi/am=AAAAgCUAs24AnP9BAAAA1DEAACCgTbCxQAgSMogVEghA/d=1/dg=2/ct=zgms/rs=ACT90oEwDh7QJbcNt7hH3VUNCef5Eaq1dQ:327:230
s_4ha@https://www.google.com/xjs/_/js/k=xjs.s.en_US.zNNK2_5tc40.O/ck=xjs.s.WHu9D84vjIo.L.F4.O/m=Fkg7bd,HcFEGb,IvlUe,MC8mtf,OF7gzc,RMhBfe,T4BAC,TJw5qb,TbaHGc,Y33vzc,ZyRBae,cdos,cr,hsm,iDPoPb,jsa,mvYTse,tg8oTe,uz938c,vWNDde,ws9Tlc,yQ43ff,d,csi/am=AAAAgCUAs24AnP9BAAAA1DEAACCgTbCxQAgSMogVEghA/d=1/dg=2/ct=zgms/rs=ACT90oEwDh7QJbcNt7hH3VUNCef5Eaq1dQ:328:249
s_2ha/b<@https://www.google.com/xjs/_/js/k=xjs.s.en_US.zNNK2_5tc40.O/ck=xjs.s.WHu9D84vjIo.L.F4.O/m=Fkg7bd,HcFEGb,IvlUe,MC8mtf,OF7gzc,RMhBfe,T4BAC,TJw5qb,TbaHGc,Y33vzc,ZyRBae,cdos,cr,hsm,iDPoPb,jsa,mvYTse,tg8oTe,uz938c,vWNDde,ws9Tlc,yQ43ff,d,csi/am=AAAAgCUAs24AnP9BAAAA1DEAACCgTbCxQAgSMogVEghA/d=1/dg=2/ct=zgms/rs=ACT90oEwDh7QJbcNt7hH3VUNCef5Eaq1dQ:324:277

JavaScript error: resource://gre/actors/PictureInPictureChild.jsm, line 92: InvalidStateError: An attempt was made to use an object that is not, or is no longer, usable
1580279770490	Marionette	INFO	Stopped listening on port 59665
1582571792874	mozrunner::runner	INFO	Running command: "/Applications/Firefox.app/Contents/MacOS/firefox-bin" "-marionette" "-foreground" "-no-remote" "-profile" "/var/folders/64/86x9sk514qnckpmsw50tjpsc0000gn/T/rust_mozprofileRuIMjV"
1582571793580	addons.webextension.doh-rollout@mozilla.org	WARN	Loading extension 'doh-rollout@mozilla.org': Reading manifest: Invalid extension permission: networkStatus
1582571793615	addons.webextension.screenshots@mozilla.org	WARN	Loading extension 'screenshots@mozilla.org': Reading manifest: Invalid extension permission: mozillaAddons
1582571793615	addons.webextension.screenshots@mozilla.org	WARN	Loading extension 'screenshots@mozilla.org': Reading manifest: Invalid extension permission: telemetry
1582571793615	addons.webextension.screenshots@mozilla.org	WARN	Loading extension 'screenshots@mozilla.org': Reading manifest: Invalid extension permission: resource://pdf.js/
1582571793615	addons.webextension.screenshots@mozilla.org	WARN	Loading extension 'screenshots@mozilla.org': Reading manifest: Invalid extension permission: about:reader*
1582571795643	Marionette	INFO	Listening on port 56928
1582571795684	Marionette	WARN	TLS certificate errors will be ignored for this session
JavaScript error: resource:///modules/BrowserUsageTelemetry.jsm, line 303: TypeError: this._timeouts.remove is not a function
JavaScript error: resource:///modules/BrowserUsageTelemetry.jsm, line 303: TypeError: this._timeouts.remove is not a function
JavaScript error: resource:///modules/BrowserUsageTelemetry.jsm, line 303: TypeError: this._timeouts.remove is not a function
JavaScript error: resource:///modules/BrowserUsageTelemetry.jsm, line 303: TypeError: this._timeouts.remove is not a function
1582846825503	Marionette	INFO	Stopped listening on port 56928
